mmap(NULL, 8192, PROT_READ|PROT_WRITE, MAP_PRIVATE|MAP_ANONYMOUS, -1, 0) = 0x7faf844ed000
open("/etc/ld.so.cache", O_RDONLY|O_CLOEXEC) = 3
mmap(NULL, 86737, PROT_READ, MAP_PRIVATE, 3, 0) = 0x7faf844d7000
open("/lib/x86_64-linux-gnu/libc.so.6", O_RDONLY|O_CLOEXEC) = 3
read(3, "\177ELF\2\1\1\3\0\0\0\0\0\0\0\0\3\0>\0\1\0\0\0P\t\2\0\0\0\0\0"..., 832) = 832
mmap(NULL, 3967392, PROT_READ|PROT_EXEC, MAP_PRIVATE|MAP_DENYWRITE, 3, 0) = 0x7faf83f01000
mmap(0x7faf842c0000, 24576, PROT_READ|PROT_WRITE, MAP_PRIVATE|MAP_FIXED|MAP_DENYWRITE, 3, 0x1bf000) = 0x7faf842c0000
mmap(0x7faf842c6000, 14752, PROT_READ|PROT_WRITE, MAP_PRIVATE|MAP_FIXED|MAP_ANONYMOUS, -1, 0) = 0x7faf842c6000
mmap(NULL, 4096, PROT_READ|PROT_WRITE, MAP_PRIVATE|MAP_ANONYMOUS, -1, 0) = 0x7faf844d6000
mmap(NULL, 4096, PROT_READ|PROT_WRITE, MAP_PRIVATE|MAP_ANONYMOUS, -1, 0) = 0x7faf844d5000
mmap(NULL, 4096, PROT_READ|PROT_WRITE, MAP_PRIVATE|MAP_ANONYMOUS, -1, 0) = 0x7faf844d4000
open("REQ_PIPE_55197", O_RDONLY)        = 3
open("RESP_PIPE_55197", O_WRONLY)       = 4
read(3, "\n", 1)                        = 1
read(3, "CREATE_SHM", 10)               = 10
read(3, "\30\0367\0", 4)                = 4
read(3, "\10", 1)                       = 1
read(3, "MAP_FILE", 8)                  = 8
read(3, "\30", 1)                       = 1
read(3, "test_root/QQigRiy7HT.5po", 24) = 24
open("test_root/QQigRiy7HT.5po", O_RDONLY) = 5
mmap(NULL, 33370, PROT_READ, MAP_PRIVATE, 5, 0) = 0x7faf844e4000
read(3, "\36", 1)                       = 1
read(3, "READ_FROM_LOGICAL_SPACE_OFFSET", 30) = 30
+++ exited with 0 +++
